[debug] [2025-05-13T10:35:31.903Z] ----------------------------------------------------------------------
[debug] [2025-05-13T10:35:31.906Z] Command:       C:\Program Files\nodejs\node.exe C:\Users\Mujeeb Butt\AppData\Roaming\npm\node_modules\firebase-tools\lib\bin\firebase.js init
[debug] [2025-05-13T10:35:31.906Z] CLI Version:   14.3.1
[debug] [2025-05-13T10:35:31.906Z] Platform:      win32
[debug] [2025-05-13T10:35:31.906Z] Node Version:  v22.15.0
[debug] [2025-05-13T10:35:31.907Z] Time:          Tue May 13 2025 15:35:31 GMT+0500 (Pakistan Standard Time)
[debug] [2025-05-13T10:35:31.907Z] ----------------------------------------------------------------------
[debug] 
[debug] [2025-05-13T10:35:32.152Z] > command requires scopes: ["email","openid","https://www.googleapis.com/auth/cloudplatformprojects.readonly","https://www.googleapis.com/auth/firebase","https://www.googleapis.com/auth/cloud-platform"]
[debug] [2025-05-13T10:35:32.153Z] > authorizing via signed-in user (buttmujeeb231@gmail.com)
[info] 
     ######## #### ########  ######## ########     ###     ######  ########
     ##        ##  ##     ## ##       ##     ##  ##   ##  ##       ##
     ######    ##  ########  ######   ########  #########  ######  ######
     ##        ##  ##    ##  ##       ##     ## ##     ##       ## ##
     ##       #### ##     ## ######## ########  ##     ##  ######  ########

You're about to initialize a Firebase project in this directory:

  F:\meems production\mehwish butt online insitute

Before we get started, keep in mind:

  * You are initializing within an existing Firebase project directory

[info] 
=== Project Setup
[info] 
[info] First, let's associate this project directory with a Firebase project.
[info] You can create multiple project aliases by running firebase use --add, 
[info] but for now we'll just set up a default project.
[info] 
[debug] [2025-05-13T10:35:50.812Z] Using project from CLI flag: mehwish-tutoring
[debug] [2025-05-13T10:35:50.813Z] Checked if tokens are valid: true, expires at: 1747135260969
[debug] [2025-05-13T10:35:50.813Z] Checked if tokens are valid: true, expires at: 1747135260969
[debug] [2025-05-13T10:35:50.815Z] >>> [apiv2][query] GET https://firebase.googleapis.com/v1beta1/projects/mehwish-tutoring [none]
[debug] [2025-05-13T10:35:51.668Z] <<< [apiv2][status] GET https://firebase.googleapis.com/v1beta1/projects/mehwish-tutoring 200
[debug] [2025-05-13T10:35:51.669Z] <<< [apiv2][body] GET https://firebase.googleapis.com/v1beta1/projects/mehwish-tutoring {"projectId":"mehwish-tutoring","projectNumber":"163983660579","displayName":"Mehwish-Tutoring","name":"projects/mehwish-tutoring","resources":{"hostingSite":"mehwish-tutoring","realtimeDatabaseInstance":"mehwish-tutoring-default-rtdb"},"state":"ACTIVE","etag":"1_5b06f00d-d1c7-4fae-9a34-1cecd97cdd65"}
[info] i  Using project mehwish-tutoring (Mehwish-Tutoring) 
[info] 
=== Hosting Setup
[debug] [2025-05-13T10:35:51.677Z] Checked if tokens are valid: true, expires at: 1747135260969
[debug] [2025-05-13T10:35:51.677Z] Checked if tokens are valid: true, expires at: 1747135260969
[debug] [2025-05-13T10:35:51.677Z] >>> [apiv2][query] GET https://firebase.googleapis.com/v1beta1/projects/mehwish-tutoring [none]
[debug] [2025-05-13T10:35:52.079Z] <<< [apiv2][status] GET https://firebase.googleapis.com/v1beta1/projects/mehwish-tutoring 200
[debug] [2025-05-13T10:35:52.079Z] <<< [apiv2][body] GET https://firebase.googleapis.com/v1beta1/projects/mehwish-tutoring {"projectId":"mehwish-tutoring","projectNumber":"163983660579","displayName":"Mehwish-Tutoring","name":"projects/mehwish-tutoring","resources":{"hostingSite":"mehwish-tutoring","realtimeDatabaseInstance":"mehwish-tutoring-default-rtdb"},"state":"ACTIVE","etag":"1_5b06f00d-d1c7-4fae-9a34-1cecd97cdd65"}
[info] 
[info] Your public directory is the folder (relative to your project directory) that
[info] will contain Hosting assets to be uploaded with firebase deploy. If you
[info] have a build process for your assets, use your build's output directory.
[info] 
[debug] [2025-05-13T10:36:00.882Z] >>> [apiv2][query] GET https://www.gstatic.com/firebasejs/releases.json [none]
[debug] [2025-05-13T10:36:01.454Z] <<< [apiv2][status] GET https://www.gstatic.com/firebasejs/releases.json 200
[debug] [2025-05-13T10:36:01.455Z] <<< [apiv2][body] GET https://www.gstatic.com/firebasejs/releases.json {"current":{"version":"11.7.1","browserURL":"https://www.gstatic.com/firebasejs/11.7.1/firebase.js","packageURL":"https://www.gstatic.com/firebasejs/11.7.1/firebase.tgz"},"live":{"version":"11.7","browserURL":"https://www.gstatic.com/firebasejs/live/11.7/firebase.js","packageURL":"https://www.gstatic.com/firebasejs/live/11.7/firebase.tgz"},"components":{"analytics":"https://www.gstatic.com/firebasejs/11.7.1/firebase-analytics.js","app":"https://www.gstatic.com/firebasejs/11.7.1/firebase-app.js","app-check":"https://www.gstatic.com/firebasejs/11.7.1/firebase-app-check.js","auth":"https://www.gstatic.com/firebasejs/11.7.1/firebase-auth.js","auth/cordova":"https://www.gstatic.com/firebasejs/11.7.1/firebase-auth/cordova.js","auth/web-extension":"https://www.gstatic.com/firebasejs/11.7.1/firebase-auth/web-extension.js","functions":"https://www.gstatic.com/firebasejs/11.7.1/firebase-functions.js","firestore":"https://www.gstatic.com/firebasejs/11.7.1/firebase-firestore.js","firestore/lite":"https://www.gstatic.com/firebasejs/11.7.1/firebase-firestore/lite.js","installations":"https://www.gstatic.com/firebasejs/11.7.1/firebase-installations.js","storage":"https://www.gstatic.com/firebasejs/11.7.1/firebase-storage.js","performance":"https://www.gstatic.com/firebasejs/11.7.1/firebase-performance.js","remote-config":"https://www.gstatic.com/firebasejs/11.7.1/firebase-remote-config.js","messaging":"https://www.gstatic.com/firebasejs/11.7.1/firebase-messaging.js","messaging/sw":"https://www.gstatic.com/firebasejs/11.7.1/firebase-messaging/sw.js","database":"https://www.gstatic.com/firebasejs/11.7.1/firebase-database.js","vertexai":"https://www.gstatic.com/firebasejs/11.7.1/firebase-vertexai.js","data-connect":"https://www.gstatic.com/firebasejs/11.7.1/firebase-data-connect.js","firestore.memory":"https://www.gstatic.com/firebasejs/11.7.1/firebase-firestore.memory.js"}}
[info] +  Wrote public/index.html 
[info] 
[info] i  Didn't detect a .git folder. Assuming F:\meems production\mehwish butt online insitute is the project root. 
[info] i  Authorizing with GitHub to upload your service account to a GitHub repository's secrets store. 
[info] 
[info] Visit this URL on this device to log in:
[info] https://github.com/login/oauth/authorize?client_id=89cf50f02ac6aaed3484&state=689976932&redirect_uri=http%3A%2F%2Flocalhost%3A9005&scope=read%3Auser%20repo%20public_repo
[info] 
[info] Waiting for authentication...
[debug] [2025-05-13T10:36:56.580Z] >>> [apiv2][query] POST https://github.com/login/oauth/access_token [none]
[debug] [2025-05-13T10:36:56.580Z] >>> [apiv2][body] POST https://github.com/login/oauth/access_token [stream]
[debug] [2025-05-13T10:36:58.572Z] <<< [apiv2][status] POST https://github.com/login/oauth/access_token 200
[debug] [2025-05-13T10:36:58.572Z] <<< [apiv2][body] POST https://github.com/login/oauth/access_token {"access_token":"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","token_type":"bearer","scope":"read:user,repo"}
[debug] [2025-05-13T10:36:58.581Z] >>> [apiv2][query] GET https://api.github.com/user [none]
[debug] [2025-05-13T10:36:59.408Z] <<< [apiv2][status] GET https://api.github.com/user 200
[debug] [2025-05-13T10:36:59.409Z] <<< [apiv2][body] GET https://api.github.com/user {"login":"mujeebbutt","id":158764833,"node_id":"U_kgDOCXaPIQ","avatar_url":"https://avatars.githubusercontent.com/u/158764833?v=4","gravatar_id":"","url":"https://api.github.com/users/mujeebbutt","html_url":"https://github.com/mujeebbutt","followers_url":"https://api.github.com/users/mujeebbutt/followers","following_url":"https://api.github.com/users/mujeebbutt/following{/other_user}","gists_url":"https://api.github.com/users/mujeebbutt/gists{/gist_id}","starred_url":"https://api.github.com/users/mujeebbutt/starred{/owner}{/repo}","subscriptions_url":"https://api.github.com/users/mujeebbutt/subscriptions","organizations_url":"https://api.github.com/users/mujeebbutt/orgs","repos_url":"https://api.github.com/users/mujeebbutt/repos","events_url":"https://api.github.com/users/mujeebbutt/events{/privacy}","received_events_url":"https://api.github.com/users/mujeebbutt/received_events","type":"User","user_view_type":"private","site_admin":false,"name":null,"company":null,"blog":"","location":null,"email":null,"hireable":null,"bio":null,"twitter_username":null,"notification_email":null,"public_repos":2,"public_gists":0,"followers":0,"following":0,"created_at":"2024-02-03T17:14:46Z","updated_at":"2024-12-20T10:45:35Z","private_gists":0,"total_private_repos":0,"owned_private_repos":0,"disk_usage":849,"collaborators":0,"two_factor_authentication":false,"plan":{"name":"free","space":976562499,"collaborators":0,"private_repos":10000}}
[info] 
[info] +  Success! Logged into GitHub as mujeebbutt 
[info] 
[debug] [2025-05-13T10:37:08.354Z] >>> [apiv2][query] GET https://api.github.com/repos//actions/secrets/public-key type=owner
[debug] [2025-05-13T10:37:09.662Z] <<< [apiv2][status] GET https://api.github.com/repos//actions/secrets/public-key 404
[debug] [2025-05-13T10:37:09.662Z] <<< [apiv2][body] GET https://api.github.com/repos//actions/secrets/public-key {"message":"Not Found","documentation_url":"https://docs.github.com/rest","status":"404"}
[info] 
[info] 
[error] !  The provided authorization cannot be used with this repository. If this repository is in an organization, did you remember to grant access? 
[info] 
[info] i  Action required: Visit this URL to ensure access has been granted to the appropriate organization(s) for the Firebase CLI GitHub OAuth App: 
[info] https://github.com/settings/connections/applications/89cf50f02ac6aaed3484
[info] 
[debug] [2025-05-13T10:37:35.197Z] >>> [apiv2][query] GET https://api.github.com/repos//actions/secrets/public-key type=owner
[debug] [2025-05-13T10:37:38.107Z] <<< [apiv2][status] GET https://api.github.com/repos//actions/secrets/public-key 404
[debug] [2025-05-13T10:37:38.107Z] <<< [apiv2][body] GET https://api.github.com/repos//actions/secrets/public-key {"message":"Not Found","documentation_url":"https://docs.github.com/rest","status":"404"}
[info] 
[info] 
[error] !  The provided authorization cannot be used with this repository. If this repository is in an organization, did you remember to grant access? 
[info] 
[info] i  Action required: Visit this URL to ensure access has been granted to the appropriate organization(s) for the Firebase CLI GitHub OAuth App: 
[info] https://github.com/settings/connections/applications/89cf50f02ac6aaed3484
[info] 
